<?xml version="1.0" encoding="UTF-8"?>
<!-- Generated by org.testng.reporters.JUnitReportReporter -->
<testsuite name="com.mya.scripts.AutomationTest.VerifyWallethub" tests="1" time="114.825" ignored="0" failures="0" timestamp="12 Apr 2019 06:28:38 GMT" skipped="0" hostname="user-PC" errors="0">
  <testcase name="testVerifyWallethub" time="114.825" classname="com.mya.scripts.AutomationTest.VerifyWallethub"/>
</testsuite> <!-- com.mya.scripts.AutomationTest.VerifyWallethub -->
