<?xml version="1.0" encoding="UTF-8"?>
<!-- Generated by org.testng.reporters.JUnitReportReporter -->
<testsuite name="com.mya.scripts.CBCApplications.VerifyWallethub" tests="1" time="99.845" ignored="0" failures="0" timestamp="12 Apr 2019 05:54:07 GMT" skipped="0" hostname="user-PC" errors="0">
  <testcase name="testVerifyWallethub" time="99.845" classname="com.mya.scripts.CBCApplications.VerifyWallethub"/>
</testsuite> <!-- com.mya.scripts.CBCApplications.VerifyWallethub -->
