<?xml version="1.0" encoding="UTF-8"?>
<!-- Generated by org.testng.reporters.JUnitReportReporter -->
<testsuite name="com.mya.scripts.CBCApplications.SubmitCBCApplication" tests="1" time="45.777" ignored="0" failures="0" timestamp="11 Apr 2019 14:59:31 GMT" skipped="0" hostname="user-PC" errors="0">
  <testcase name="testCBCApplication" time="45.777" classname="com.mya.scripts.CBCApplications.SubmitCBCApplication"/>
</testsuite> <!-- com.mya.scripts.CBCApplications.SubmitCBCApplication -->
